0 info it worked if it ends with ok
1 verbose cli [ '/usr/bin/node', '/usr/bin/npm', 'install', 'git' ]
2 info using npm@3.5.2
3 info using node@v8.10.0
4 silly loadCurrentTree Starting
5 silly install loadCurrentTree
6 silly install readLocalPackageData
7 silly fetchPackageMetaData git
8 silly fetchNamedPackageData git
9 silly mapToRegistry name git
10 silly mapToRegistry using default registry
11 silly mapToRegistry registry https://registry.npmjs.org/
12 silly mapToRegistry uri https://registry.npmjs.org/git
13 verbose request uri https://registry.npmjs.org/git
14 verbose request no auth needed
15 info attempt registry request try #1 at 12:49:19
16 verbose request id 5a6696e7435ab980
17 http request GET https://registry.npmjs.org/git
18 http 200 https://registry.npmjs.org/git
19 verbose headers { date: 'Tue, 17 Jul 2018 10:49:20 GMT',
19 verbose headers   'content-type': 'application/json; charset=UTF-8',
19 verbose headers   'transfer-encoding': 'chunked',
19 verbose headers   connection: 'keep-alive',
19 verbose headers   'set-cookie':
19 verbose headers    [ '__cfduid=d72fe96dc459cfdfe38dfa52a7305cfac1531824559; expires=Wed, 17-Jul-19 10:49:19 GMT; path=/; domain=.registry.npmjs.org; HttpOnly' ],
19 verbose headers   'cache-control': 'max-age=300',
19 verbose headers   'cf-cache-status': 'REVALIDATED',
19 verbose headers   'cf-ray': '43bc2429184025d4-MRS',
19 verbose headers   etag: 'W/"95d70c6d90e5f9fdaa6b124bf53b2834"',
19 verbose headers   'expect-ct': 'max-age=604800, report-uri="https://report-uri.cloudflare.com/cdn-cgi/beacon/expect-ct"',
19 verbose headers   'last-modified': 'Sun, 27 May 2018 02:19:56 GMT',
19 verbose headers   vary: 'accept-encoding, accept',
19 verbose headers   server: 'cloudflare',
19 verbose headers   'content-encoding': 'gzip' }
20 silly get cb [ 200,
20 silly get   { date: 'Tue, 17 Jul 2018 10:49:20 GMT',
20 silly get     'content-type': 'application/json; charset=UTF-8',
20 silly get     'transfer-encoding': 'chunked',
20 silly get     connection: 'keep-alive',
20 silly get     'set-cookie':
20 silly get      [ '__cfduid=d72fe96dc459cfdfe38dfa52a7305cfac1531824559; expires=Wed, 17-Jul-19 10:49:19 GMT; path=/; domain=.registry.npmjs.org; HttpOnly' ],
20 silly get     'cache-control': 'max-age=300',
20 silly get     'cf-cache-status': 'REVALIDATED',
20 silly get     'cf-ray': '43bc2429184025d4-MRS',
20 silly get     etag: 'W/"95d70c6d90e5f9fdaa6b124bf53b2834"',
20 silly get     'expect-ct': 'max-age=604800, report-uri="https://report-uri.cloudflare.com/cdn-cgi/beacon/expect-ct"',
20 silly get     'last-modified': 'Sun, 27 May 2018 02:19:56 GMT',
20 silly get     vary: 'accept-encoding, accept',
20 silly get     server: 'cloudflare',
20 silly get     'content-encoding': 'gzip' } ]
21 verbose get saving git to /home/tacos31/.npm/registry.npmjs.org/git/.cache.json
22 silly install normalizeTree
23 silly loadCurrentTree Finishing
24 silly loadIdealTree Starting
25 silly install loadIdealTree
26 silly cloneCurrentTree Starting
27 silly install cloneCurrentTreeToIdealTree
28 silly cloneCurrentTree Finishing
29 silly loadShrinkwrap Starting
30 silly install loadShrinkwrap
31 silly loadShrinkwrap Finishing
32 silly loadAllDepsIntoIdealTree Starting
33 silly install loadAllDepsIntoIdealTree
34 silly resolveWithNewModule git@0.1.5 checking installable status
35 silly cache add args [ 'git', null ]
36 verbose cache add spec git
37 silly cache add parsed spec Result {
37 silly cache add   raw: 'git',
37 silly cache add   scope: null,
37 silly cache add   name: 'git',
37 silly cache add   rawSpec: '',
37 silly cache add   spec: 'latest',
37 silly cache add   type: 'tag' }
38 silly addNamed git@latest
39 verbose addNamed "latest" is being treated as a dist-tag for git
40 info addNameTag [ 'git', 'latest' ]
41 silly mapToRegistry name git
42 silly mapToRegistry using default registry
43 silly mapToRegistry registry https://registry.npmjs.org/
44 silly mapToRegistry uri https://registry.npmjs.org/git
45 verbose addNameTag registry:https://registry.npmjs.org/git not in flight; fetching
46 verbose get https://registry.npmjs.org/git not expired, no request
47 silly addNameTag next cb for git with tag latest
48 silly addNamed git@0.1.5
49 verbose addNamed "0.1.5" is a plain semver version for git
50 silly mapToRegistry name git
51 silly mapToRegistry using default registry
52 silly mapToRegistry registry https://registry.npmjs.org/
53 silly mapToRegistry uri https://registry.npmjs.org/git
54 verbose addRemoteTarball https://registry.npmjs.org/git/-/git-0.1.5.tgz not in flight; adding
55 verbose addRemoteTarball [ 'https://registry.npmjs.org/git/-/git-0.1.5.tgz',
55 verbose addRemoteTarball   '9ef62df93f851c27542143bf52d1c68b1017ca15' ]
56 info retry fetch attempt 1 at 12:49:20
57 info attempt registry request try #1 at 12:49:20
58 http fetch GET https://registry.npmjs.org/git/-/git-0.1.5.tgz
59 http fetch 200 https://registry.npmjs.org/git/-/git-0.1.5.tgz
60 silly fetchAndShaCheck shasum 9ef62df93f851c27542143bf52d1c68b1017ca15
61 verbose addTmpTarball /tmp/npm-6276-cb02a442/registry.npmjs.org/git/-/git-0.1.5.tgz not in flight; adding
62 verbose addTmpTarball already have metadata; skipping unpack for git@0.1.5
63 silly cache afterAdd git@0.1.5
64 verbose afterAdd /home/tacos31/.npm/git/0.1.5/package/package.json not in flight; writing
65 verbose afterAdd /home/tacos31/.npm/git/0.1.5/package/package.json written
66 silly fetchNamedPackageData mime
67 silly mapToRegistry name mime
68 silly mapToRegistry using default registry
69 silly mapToRegistry registry https://registry.npmjs.org/
70 silly mapToRegistry uri https://registry.npmjs.org/mime
71 verbose request uri https://registry.npmjs.org/mime
72 verbose request no auth needed
73 info attempt registry request try #1 at 12:49:20
74 verbose etag W/"7b69e66227b47c1562b39f2deb8dfaae"
75 verbose lastModified Sun, 27 May 2018 08:04:30 GMT
76 http request GET https://registry.npmjs.org/mime
77 http 304 https://registry.npmjs.org/mime
78 verbose headers { date: 'Tue, 17 Jul 2018 10:49:20 GMT',
78 verbose headers   connection: 'keep-alive',
78 verbose headers   'set-cookie':
78 verbose headers    [ '__cfduid=d54772b39907d8588dc8efff0ce30f8b11531824560; expires=Wed, 17-Jul-19 10:49:20 GMT; path=/; domain=.registry.npmjs.org; HttpOnly' ],
78 verbose headers   'cache-control': 'max-age=300',
78 verbose headers   'cf-cache-status': 'HIT',
78 verbose headers   'cf-ray': '43bc2430687725d4-MRS',
78 verbose headers   etag: '"7b69e66227b47c1562b39f2deb8dfaae"',
78 verbose headers   'expect-ct': 'max-age=604800, report-uri="https://report-uri.cloudflare.com/cdn-cgi/beacon/expect-ct"',
78 verbose headers   'last-modified': 'Sun, 27 May 2018 08:04:30 GMT',
78 verbose headers   vary: 'accept-encoding, accept',
78 verbose headers   server: 'cloudflare' }
79 silly get cb [ 304,
79 silly get   { date: 'Tue, 17 Jul 2018 10:49:20 GMT',
79 silly get     connection: 'keep-alive',
79 silly get     'set-cookie':
79 silly get      [ '__cfduid=d54772b39907d8588dc8efff0ce30f8b11531824560; expires=Wed, 17-Jul-19 10:49:20 GMT; path=/; domain=.registry.npmjs.org; HttpOnly' ],
79 silly get     'cache-control': 'max-age=300',
79 silly get     'cf-cache-status': 'HIT',
79 silly get     'cf-ray': '43bc2430687725d4-MRS',
79 silly get     etag: '"7b69e66227b47c1562b39f2deb8dfaae"',
79 silly get     'expect-ct': 'max-age=604800, report-uri="https://report-uri.cloudflare.com/cdn-cgi/beacon/expect-ct"',
79 silly get     'last-modified': 'Sun, 27 May 2018 08:04:30 GMT',
79 silly get     vary: 'accept-encoding, accept',
79 silly get     server: 'cloudflare' } ]
80 verbose etag https://registry.npmjs.org/mime from cache
81 verbose get saving mime to /home/tacos31/.npm/registry.npmjs.org/mime/.cache.json
82 silly resolveWithNewModule mime@1.2.9 checking installable status
83 silly cache add args [ 'mime@1.2.9', null ]
84 verbose cache add spec mime@1.2.9
85 silly cache add parsed spec Result {
85 silly cache add   raw: 'mime@1.2.9',
85 silly cache add   scope: null,
85 silly cache add   name: 'mime',
85 silly cache add   rawSpec: '1.2.9',
85 silly cache add   spec: '1.2.9',
85 silly cache add   type: 'version' }
86 silly addNamed mime@1.2.9
87 verbose addNamed "1.2.9" is a plain semver version for mime
88 silly mapToRegistry name mime
89 silly mapToRegistry using default registry
90 silly mapToRegistry registry https://registry.npmjs.org/
91 silly mapToRegistry uri https://registry.npmjs.org/mime
92 verbose addNameVersion registry:https://registry.npmjs.org/mime not in flight; fetching
93 verbose get https://registry.npmjs.org/mime not expired, no request
94 silly mapToRegistry name mime
95 silly mapToRegistry using default registry
96 silly mapToRegistry registry https://registry.npmjs.org/
97 silly mapToRegistry uri https://registry.npmjs.org/mime
98 verbose addRemoteTarball https://registry.npmjs.org/mime/-/mime-1.2.9.tgz not in flight; adding
99 verbose addRemoteTarball [ 'https://registry.npmjs.org/mime/-/mime-1.2.9.tgz',
99 verbose addRemoteTarball   '009cd40867bd35de521b3b966f04e2f8d4d13d09' ]
100 info retry fetch attempt 1 at 12:49:20
101 info attempt registry request try #1 at 12:49:20
102 http fetch GET https://registry.npmjs.org/mime/-/mime-1.2.9.tgz
103 http fetch 200 https://registry.npmjs.org/mime/-/mime-1.2.9.tgz
104 silly fetchAndShaCheck shasum 009cd40867bd35de521b3b966f04e2f8d4d13d09
105 verbose addTmpTarball /tmp/npm-6276-cb02a442/registry.npmjs.org/mime/-/mime-1.2.9.tgz not in flight; adding
106 verbose addTmpTarball already have metadata; skipping unpack for mime@1.2.9
107 silly cache afterAdd mime@1.2.9
108 verbose afterAdd /home/tacos31/.npm/mime/1.2.9/package/package.json not in flight; writing
109 verbose afterAdd /home/tacos31/.npm/mime/1.2.9/package/package.json written
110 silly loadAllDepsIntoIdealTree Finishing
111 silly idealTree:prePrune myapp@0.0.0
111 silly idealTree:prePrune ├── @types/babel-types@7.0.4
111 silly idealTree:prePrune ├── @types/babylon@6.16.3
111 silly idealTree:prePrune ├── accepts@1.3.5
111 silly idealTree:prePrune ├─┬ acorn-globals@3.1.0
111 silly idealTree:prePrune │ └── acorn@4.0.13
111 silly idealTree:prePrune ├── acorn@3.3.0
111 silly idealTree:prePrune ├── align-text@0.1.4
111 silly idealTree:prePrune ├── amdefine@1.0.1
111 silly idealTree:prePrune ├── array-flatten@1.1.1
111 silly idealTree:prePrune ├── asap@2.0.6
111 silly idealTree:prePrune ├── babel-runtime@6.26.0
111 silly idealTree:prePrune ├── babel-types@6.26.0
111 silly idealTree:prePrune ├── babylon@6.18.0
111 silly idealTree:prePrune ├── basic-auth@2.0.0
111 silly idealTree:prePrune ├── body-parser@1.18.2
111 silly idealTree:prePrune ├── bytes@3.0.0
111 silly idealTree:prePrune ├── camelcase@1.2.1
111 silly idealTree:prePrune ├── center-align@0.1.3
111 silly idealTree:prePrune ├── character-parser@2.2.0
111 silly idealTree:prePrune ├── clean-css@3.4.28
111 silly idealTree:prePrune ├── cliui@2.1.0
111 silly idealTree:prePrune ├── commander@2.8.1
111 silly idealTree:prePrune ├── constantinople@3.1.2
111 silly idealTree:prePrune ├── content-disposition@0.5.2
111 silly idealTree:prePrune ├── content-type@1.0.4
111 silly idealTree:prePrune ├── cookie-parser@1.4.3
111 silly idealTree:prePrune ├── cookie-signature@1.0.6
111 silly idealTree:prePrune ├── cookie@0.3.1
111 silly idealTree:prePrune ├── core-js@2.5.7
111 silly idealTree:prePrune ├── debug@2.6.9
111 silly idealTree:prePrune ├── decamelize@1.2.0
111 silly idealTree:prePrune ├── depd@1.1.2
111 silly idealTree:prePrune ├── destroy@1.0.4
111 silly idealTree:prePrune ├── doctypes@1.1.0
111 silly idealTree:prePrune ├── ee-first@1.1.1
111 silly idealTree:prePrune ├── encodeurl@1.0.2
111 silly idealTree:prePrune ├── escape-html@1.0.3
111 silly idealTree:prePrune ├── esutils@2.0.2
111 silly idealTree:prePrune ├── etag@1.8.1
111 silly idealTree:prePrune ├── express@4.16.3
111 silly idealTree:prePrune ├── finalhandler@1.1.1
111 silly idealTree:prePrune ├── forwarded@0.1.2
111 silly idealTree:prePrune ├── fresh@0.5.2
111 silly idealTree:prePrune ├── function-bind@1.1.1
111 silly idealTree:prePrune ├─┬ git@0.1.5
111 silly idealTree:prePrune │ └── mime@1.2.9
111 silly idealTree:prePrune ├── graceful-readlink@1.0.1
111 silly idealTree:prePrune ├── has@1.0.3
111 silly idealTree:prePrune ├── http-errors@1.6.3
111 silly idealTree:prePrune ├── iconv-lite@0.4.19
111 silly idealTree:prePrune ├── inherits@2.0.3
111 silly idealTree:prePrune ├── ipaddr.js@1.6.0
111 silly idealTree:prePrune ├── is-buffer@1.1.6
111 silly idealTree:prePrune ├─┬ is-expression@3.0.0
111 silly idealTree:prePrune │ └── acorn@4.0.13
111 silly idealTree:prePrune ├── is-promise@2.1.0
111 silly idealTree:prePrune ├── is-regex@1.0.4
111 silly idealTree:prePrune ├── js-stringify@1.0.2
111 silly idealTree:prePrune ├── jstransformer@1.0.0
111 silly idealTree:prePrune ├── kind-of@3.2.2
111 silly idealTree:prePrune ├── lazy-cache@1.0.4
111 silly idealTree:prePrune ├── lodash@4.17.10
111 silly idealTree:prePrune ├── longest@1.0.1
111 silly idealTree:prePrune ├── media-typer@0.3.0
111 silly idealTree:prePrune ├── merge-descriptors@1.0.1
111 silly idealTree:prePrune ├── methods@1.1.2
111 silly idealTree:prePrune ├── mime-db@1.33.0
111 silly idealTree:prePrune ├── mime-types@2.1.18
111 silly idealTree:prePrune ├── mime@1.4.1
111 silly idealTree:prePrune ├── morgan@1.9.0
111 silly idealTree:prePrune ├── ms@2.0.0
111 silly idealTree:prePrune ├── negotiator@0.6.1
111 silly idealTree:prePrune ├── object-assign@4.1.1
111 silly idealTree:prePrune ├── on-finished@2.3.0
111 silly idealTree:prePrune ├── on-headers@1.0.1
111 silly idealTree:prePrune ├── parseurl@1.3.2
111 silly idealTree:prePrune ├── path-parse@1.0.5
111 silly idealTree:prePrune ├── path-to-regexp@0.1.7
111 silly idealTree:prePrune ├── promise@7.3.1
111 silly idealTree:prePrune ├── proxy-addr@2.0.3
111 silly idealTree:prePrune ├── pug-attrs@2.0.3
111 silly idealTree:prePrune ├── pug-code-gen@1.1.1
111 silly idealTree:prePrune ├── pug-error@1.3.2
111 silly idealTree:prePrune ├── pug-filters@2.1.5
111 silly idealTree:prePrune ├── pug-lexer@3.1.0
111 silly idealTree:prePrune ├── pug-linker@2.0.3
111 silly idealTree:prePrune ├── pug-load@2.0.11
111 silly idealTree:prePrune ├── pug-parser@2.0.2
111 silly idealTree:prePrune ├── pug-runtime@2.0.4
111 silly idealTree:prePrune ├── pug-strip-comments@1.0.3
111 silly idealTree:prePrune ├── pug-walk@1.1.7
111 silly idealTree:prePrune ├── pug@2.0.0-beta11
111 silly idealTree:prePrune ├── qs@6.5.1
111 silly idealTree:prePrune ├── range-parser@1.2.0
111 silly idealTree:prePrune ├─┬ raw-body@2.3.2
111 silly idealTree:prePrune │ ├── depd@1.1.1
111 silly idealTree:prePrune │ ├── http-errors@1.6.2
111 silly idealTree:prePrune │ └── setprototypeof@1.0.3
111 silly idealTree:prePrune ├── regenerator-runtime@0.11.1
111 silly idealTree:prePrune ├── repeat-string@1.6.1
111 silly idealTree:prePrune ├── resolve@1.8.1
111 silly idealTree:prePrune ├── right-align@0.1.3
111 silly idealTree:prePrune ├── safe-buffer@5.1.1
111 silly idealTree:prePrune ├── send@0.16.2
111 silly idealTree:prePrune ├── serve-static@1.13.2
111 silly idealTree:prePrune ├── setprototypeof@1.1.0
111 silly idealTree:prePrune ├── source-map@0.4.4
111 silly idealTree:prePrune ├── statuses@1.4.0
111 silly idealTree:prePrune ├── to-fast-properties@1.0.3
111 silly idealTree:prePrune ├── token-stream@0.0.1
111 silly idealTree:prePrune ├── type-is@1.6.16
111 silly idealTree:prePrune ├─┬ uglify-js@2.8.29
111 silly idealTree:prePrune │ └── source-map@0.5.7
111 silly idealTree:prePrune ├── uglify-to-browserify@1.0.2
111 silly idealTree:prePrune ├── unpipe@1.0.0
111 silly idealTree:prePrune ├── utils-merge@1.0.1
111 silly idealTree:prePrune ├── vary@1.1.2
111 silly idealTree:prePrune ├── void-elements@2.0.1
111 silly idealTree:prePrune ├── window-size@0.1.0
111 silly idealTree:prePrune ├── with@5.1.1
111 silly idealTree:prePrune ├── wordwrap@0.0.2
111 silly idealTree:prePrune └── yargs@3.10.0
112 silly loadIdealTree Finishing
113 silly currentTree myapp@0.0.0
113 silly currentTree ├── @types/babel-types@7.0.4
113 silly currentTree ├── @types/babylon@6.16.3
113 silly currentTree ├── accepts@1.3.5
113 silly currentTree ├─┬ acorn-globals@3.1.0
113 silly currentTree │ └── acorn@4.0.13
113 silly currentTree ├── acorn@3.3.0
113 silly currentTree ├── align-text@0.1.4
113 silly currentTree ├── amdefine@1.0.1
113 silly currentTree ├── array-flatten@1.1.1
113 silly currentTree ├── asap@2.0.6
113 silly currentTree ├── babel-runtime@6.26.0
113 silly currentTree ├── babel-types@6.26.0
113 silly currentTree ├── babylon@6.18.0
113 silly currentTree ├── basic-auth@2.0.0
113 silly currentTree ├── body-parser@1.18.2
113 silly currentTree ├── bytes@3.0.0
113 silly currentTree ├── camelcase@1.2.1
113 silly currentTree ├── center-align@0.1.3
113 silly currentTree ├── character-parser@2.2.0
113 silly currentTree ├── clean-css@3.4.28
113 silly currentTree ├── cliui@2.1.0
113 silly currentTree ├── commander@2.8.1
113 silly currentTree ├── constantinople@3.1.2
113 silly currentTree ├── content-disposition@0.5.2
113 silly currentTree ├── content-type@1.0.4
113 silly currentTree ├── cookie-parser@1.4.3
113 silly currentTree ├── cookie-signature@1.0.6
113 silly currentTree ├── cookie@0.3.1
113 silly currentTree ├── core-js@2.5.7
113 silly currentTree ├── debug@2.6.9
113 silly currentTree ├── decamelize@1.2.0
113 silly currentTree ├── depd@1.1.2
113 silly currentTree ├── destroy@1.0.4
113 silly currentTree ├── doctypes@1.1.0
113 silly currentTree ├── ee-first@1.1.1
113 silly currentTree ├── encodeurl@1.0.2
113 silly currentTree ├── escape-html@1.0.3
113 silly currentTree ├── esutils@2.0.2
113 silly currentTree ├── etag@1.8.1
113 silly currentTree ├── express@4.16.3
113 silly currentTree ├── finalhandler@1.1.1
113 silly currentTree ├── forwarded@0.1.2
113 silly currentTree ├── fresh@0.5.2
113 silly currentTree ├── function-bind@1.1.1
113 silly currentTree ├── graceful-readlink@1.0.1
113 silly currentTree ├── has@1.0.3
113 silly currentTree ├── http-errors@1.6.3
113 silly currentTree ├── iconv-lite@0.4.19
113 silly currentTree ├── inherits@2.0.3
113 silly currentTree ├── ipaddr.js@1.6.0
113 silly currentTree ├── is-buffer@1.1.6
113 silly currentTree ├─┬ is-expression@3.0.0
113 silly currentTree │ └── acorn@4.0.13
113 silly currentTree ├── is-promise@2.1.0
113 silly currentTree ├── is-regex@1.0.4
113 silly currentTree ├── js-stringify@1.0.2
113 silly currentTree ├── jstransformer@1.0.0
113 silly currentTree ├── kind-of@3.2.2
113 silly currentTree ├── lazy-cache@1.0.4
113 silly currentTree ├── lodash@4.17.10
113 silly currentTree ├── longest@1.0.1
113 silly currentTree ├── media-typer@0.3.0
113 silly currentTree ├── merge-descriptors@1.0.1
113 silly currentTree ├── methods@1.1.2
113 silly currentTree ├── mime-db@1.33.0
113 silly currentTree ├── mime-types@2.1.18
113 silly currentTree ├── mime@1.4.1
113 silly currentTree ├── morgan@1.9.0
113 silly currentTree ├── ms@2.0.0
113 silly currentTree ├── negotiator@0.6.1
113 silly currentTree ├── object-assign@4.1.1
113 silly currentTree ├── on-finished@2.3.0
113 silly currentTree ├── on-headers@1.0.1
113 silly currentTree ├── parseurl@1.3.2
113 silly currentTree ├── path-parse@1.0.5
113 silly currentTree ├── path-to-regexp@0.1.7
113 silly currentTree ├── promise@7.3.1
113 silly currentTree ├── proxy-addr@2.0.3
113 silly currentTree ├── pug-attrs@2.0.3
113 silly currentTree ├── pug-code-gen@1.1.1
113 silly currentTree ├── pug-error@1.3.2
113 silly currentTree ├── pug-filters@2.1.5
113 silly currentTree ├── pug-lexer@3.1.0
113 silly currentTree ├── pug-linker@2.0.3
113 silly currentTree ├── pug-load@2.0.11
113 silly currentTree ├── pug-parser@2.0.2
113 silly currentTree ├── pug-runtime@2.0.4
113 silly currentTree ├── pug-strip-comments@1.0.3
113 silly currentTree ├── pug-walk@1.1.7
113 silly currentTree ├── pug@2.0.0-beta11
113 silly currentTree ├── qs@6.5.1
113 silly currentTree ├── range-parser@1.2.0
113 silly currentTree ├─┬ raw-body@2.3.2
113 silly currentTree │ ├── depd@1.1.1
113 silly currentTree │ ├── http-errors@1.6.2
113 silly currentTree │ └── setprototypeof@1.0.3
113 silly currentTree ├── regenerator-runtime@0.11.1
113 silly currentTree ├── repeat-string@1.6.1
113 silly currentTree ├── resolve@1.8.1
113 silly currentTree ├── right-align@0.1.3
113 silly currentTree ├── safe-buffer@5.1.1
113 silly currentTree ├── send@0.16.2
113 silly currentTree ├── serve-static@1.13.2
113 silly currentTree ├── setprototypeof@1.1.0
113 silly currentTree ├── source-map@0.4.4
113 silly currentTree ├── statuses@1.4.0
113 silly currentTree ├── to-fast-properties@1.0.3
113 silly currentTree ├── token-stream@0.0.1
113 silly currentTree ├── type-is@1.6.16
113 silly currentTree ├─┬ uglify-js@2.8.29
113 silly currentTree │ └── source-map@0.5.7
113 silly currentTree ├── uglify-to-browserify@1.0.2
113 silly currentTree ├── unpipe@1.0.0
113 silly currentTree ├── utils-merge@1.0.1
113 silly currentTree ├── vary@1.1.2
113 silly currentTree ├── void-elements@2.0.1
113 silly currentTree ├── window-size@0.1.0
113 silly currentTree ├── with@5.1.1
113 silly currentTree ├── wordwrap@0.0.2
113 silly currentTree └── yargs@3.10.0
114 silly idealTree myapp@0.0.0
114 silly idealTree ├── @types/babel-types@7.0.4
114 silly idealTree ├── @types/babylon@6.16.3
114 silly idealTree ├── accepts@1.3.5
114 silly idealTree ├─┬ acorn-globals@3.1.0
114 silly idealTree │ └── acorn@4.0.13
114 silly idealTree ├── acorn@3.3.0
114 silly idealTree ├── align-text@0.1.4
114 silly idealTree ├── amdefine@1.0.1
114 silly idealTree ├── array-flatten@1.1.1
114 silly idealTree ├── asap@2.0.6
114 silly idealTree ├── babel-runtime@6.26.0
114 silly idealTree ├── babel-types@6.26.0
114 silly idealTree ├── babylon@6.18.0
114 silly idealTree ├── basic-auth@2.0.0
114 silly idealTree ├── body-parser@1.18.2
114 silly idealTree ├── bytes@3.0.0
114 silly idealTree ├── camelcase@1.2.1
114 silly idealTree ├── center-align@0.1.3
114 silly idealTree ├── character-parser@2.2.0
114 silly idealTree ├── clean-css@3.4.28
114 silly idealTree ├── cliui@2.1.0
114 silly idealTree ├── commander@2.8.1
114 silly idealTree ├── constantinople@3.1.2
114 silly idealTree ├── content-disposition@0.5.2
114 silly idealTree ├── content-type@1.0.4
114 silly idealTree ├── cookie-parser@1.4.3
114 silly idealTree ├── cookie-signature@1.0.6
114 silly idealTree ├── cookie@0.3.1
114 silly idealTree ├── core-js@2.5.7
114 silly idealTree ├── debug@2.6.9
114 silly idealTree ├── decamelize@1.2.0
114 silly idealTree ├── depd@1.1.2
114 silly idealTree ├── destroy@1.0.4
114 silly idealTree ├── doctypes@1.1.0
114 silly idealTree ├── ee-first@1.1.1
114 silly idealTree ├── encodeurl@1.0.2
114 silly idealTree ├── escape-html@1.0.3
114 silly idealTree ├── esutils@2.0.2
114 silly idealTree ├── etag@1.8.1
114 silly idealTree ├── express@4.16.3
114 silly idealTree ├── finalhandler@1.1.1
114 silly idealTree ├── forwarded@0.1.2
114 silly idealTree ├── fresh@0.5.2
114 silly idealTree ├── function-bind@1.1.1
114 silly idealTree ├─┬ git@0.1.5
114 silly idealTree │ └── mime@1.2.9
114 silly idealTree ├── graceful-readlink@1.0.1
114 silly idealTree ├── has@1.0.3
114 silly idealTree ├── http-errors@1.6.3
114 silly idealTree ├── iconv-lite@0.4.19
114 silly idealTree ├── inherits@2.0.3
114 silly idealTree ├── ipaddr.js@1.6.0
114 silly idealTree ├── is-buffer@1.1.6
114 silly idealTree ├─┬ is-expression@3.0.0
114 silly idealTree │ └── acorn@4.0.13
114 silly idealTree ├── is-promise@2.1.0
114 silly idealTree ├── is-regex@1.0.4
114 silly idealTree ├── js-stringify@1.0.2
114 silly idealTree ├── jstransformer@1.0.0
114 silly idealTree ├── kind-of@3.2.2
114 silly idealTree ├── lazy-cache@1.0.4
114 silly idealTree ├── lodash@4.17.10
114 silly idealTree ├── longest@1.0.1
114 silly idealTree ├── media-typer@0.3.0
114 silly idealTree ├── merge-descriptors@1.0.1
114 silly idealTree ├── methods@1.1.2
114 silly idealTree ├── mime-db@1.33.0
114 silly idealTree ├── mime-types@2.1.18
114 silly idealTree ├── mime@1.4.1
114 silly idealTree ├── morgan@1.9.0
114 silly idealTree ├── ms@2.0.0
114 silly idealTree ├── negotiator@0.6.1
114 silly idealTree ├── object-assign@4.1.1
114 silly idealTree ├── on-finished@2.3.0
114 silly idealTree ├── on-headers@1.0.1
114 silly idealTree ├── parseurl@1.3.2
114 silly idealTree ├── path-parse@1.0.5
114 silly idealTree ├── path-to-regexp@0.1.7
114 silly idealTree ├── promise@7.3.1
114 silly idealTree ├── proxy-addr@2.0.3
114 silly idealTree ├── pug-attrs@2.0.3
114 silly idealTree ├── pug-code-gen@1.1.1
114 silly idealTree ├── pug-error@1.3.2
114 silly idealTree ├── pug-filters@2.1.5
114 silly idealTree ├── pug-lexer@3.1.0
114 silly idealTree ├── pug-linker@2.0.3
114 silly idealTree ├── pug-load@2.0.11
114 silly idealTree ├── pug-parser@2.0.2
114 silly idealTree ├── pug-runtime@2.0.4
114 silly idealTree ├── pug-strip-comments@1.0.3
114 silly idealTree ├── pug-walk@1.1.7
114 silly idealTree ├── pug@2.0.0-beta11
114 silly idealTree ├── qs@6.5.1
114 silly idealTree ├── range-parser@1.2.0
114 silly idealTree ├─┬ raw-body@2.3.2
114 silly idealTree │ ├── depd@1.1.1
114 silly idealTree │ ├── http-errors@1.6.2
114 silly idealTree │ └── setprototypeof@1.0.3
114 silly idealTree ├── regenerator-runtime@0.11.1
114 silly idealTree ├── repeat-string@1.6.1
114 silly idealTree ├── resolve@1.8.1
114 silly idealTree ├── right-align@0.1.3
114 silly idealTree ├── safe-buffer@5.1.1
114 silly idealTree ├── send@0.16.2
114 silly idealTree ├── serve-static@1.13.2
114 silly idealTree ├── setprototypeof@1.1.0
114 silly idealTree ├── source-map@0.4.4
114 silly idealTree ├── statuses@1.4.0
114 silly idealTree ├── to-fast-properties@1.0.3
114 silly idealTree ├── token-stream@0.0.1
114 silly idealTree ├── type-is@1.6.16
114 silly idealTree ├─┬ uglify-js@2.8.29
114 silly idealTree │ └── source-map@0.5.7
114 silly idealTree ├── uglify-to-browserify@1.0.2
114 silly idealTree ├── unpipe@1.0.0
114 silly idealTree ├── utils-merge@1.0.1
114 silly idealTree ├── vary@1.1.2
114 silly idealTree ├── void-elements@2.0.1
114 silly idealTree ├── window-size@0.1.0
114 silly idealTree ├── with@5.1.1
114 silly idealTree ├── wordwrap@0.0.2
114 silly idealTree └── yargs@3.10.0
115 silly generateActionsToTake Starting
116 silly install generateActionsToTake
117 warn checkPermissions Missing write access to /home/tacos31/Documents/projet_pro/mashup-martial-project/node_modules
118 silly rollbackFailedOptional Starting
119 silly rollbackFailedOptional Finishing
120 silly runTopLevelLifecycles Starting
121 silly runTopLevelLifecycles Finishing
122 silly install printInstalled
123 verbose stack Error: EACCES: permission denied, access '/home/tacos31/Documents/projet_pro/mashup-martial-project/node_modules'
124 verbose cwd /home/tacos31/Documents/projet_pro/mashup-martial-project
125 error Linux 4.15.0-24-generic
126 error argv "/usr/bin/node" "/usr/bin/npm" "install" "git"
127 error node v8.10.0
128 error npm  v3.5.2
129 error path /home/tacos31/Documents/projet_pro/mashup-martial-project/node_modules
130 error code EACCES
131 error errno -13
132 error syscall access
133 error Error: EACCES: permission denied, access '/home/tacos31/Documents/projet_pro/mashup-martial-project/node_modules'
133 error  { Error: EACCES: permission denied, access '/home/tacos31/Documents/projet_pro/mashup-martial-project/node_modules'
133 error   errno: -13,
133 error   code: 'EACCES',
133 error   syscall: 'access',
133 error   path: '/home/tacos31/Documents/projet_pro/mashup-martial-project/node_modules' }
134 error Please try running this command again as root/Administrator.
135 verbose exit [ -13, true ]
